{
  "RSpec": {
    "coverage": {
      "/Users/drewproebstel/turing/2module/project_1/dropzone_data/config/environment.rb": {
        "lines": [
          null,
          1,
          null,
          null,
          1
        ]
      },
      "/Users/drewproebstel/turing/2module/project_1/dropzone_data/config/application.rb": {
        "lines": [
          1,
          null,
          1,
          null,
          1,
          1,
          1,
          1,
          1,
          1,
          1,
          1,
          1,
          null,
          null,
          null,
          null,
          1,
          null,
          1,
          1,
          null,
          1,
          null,
          null,
          null,
          null,
          null,
          null,
          null,
          1,
          null,
          null
        ]
      },
      "/Users/drewproebstel/turing/2module/project_1/dropzone_data/config/boot.rb": {
        "lines": [
          1,
          null,
          1,
          1
        ]
      },
      "/Users/drewproebstel/turing/2module/project_1/dropzone_data/config/environments/test.rb": {
        "lines": [
          1,
          null,
          null,
          null,
          null,
          null,
          null,
          1,
          null,
          null,
          null,
          null,
          1,
          null,
          null,
          1,
          1,
          null,
          null,
          null,
          null,
          1,
          1,
          null,
          null,
          1,
          null,
          null,
          1,
          null,
          null,
          1,
          null,
          1,
          null,
          null,
          null,
          null,
          1,
          null,
          null,
          1,
          null,
          null,
          null,
          null
        ]
      },
      "/Users/drewproebstel/turing/2module/project_1/dropzone_data/config/initializers/application_controller_renderer.rb": {
        "lines": [
          null,
          null,
          null,
          null,
          null,
          null,
          null,
          null
        ]
      },
      "/Users/drewproebstel/turing/2module/project_1/dropzone_data/config/initializers/assets.rb": {
        "lines": [
          null,
          null,
          null,
          1,
          null,
          null,
          null,
          null,
          1,
          null,
          null,
          null,
          null,
          null
        ]
      },
      "/Users/drewproebstel/turing/2module/project_1/dropzone_data/config/initializers/backtrace_silencers.rb": {
        "lines": [
          null,
          null,
          null,
          null,
          null,
          null,
          null
        ]
      },
      "/Users/drewproebstel/turing/2module/project_1/dropzone_data/config/initializers/content_security_policy.rb": {
        "lines": [
          null,
          null,
          null,
          null,
          null,
          null,
          null,
          null,
          null,
          null,
          null,
          null,
          null,
          null,
          null,
          null,
          null,
          null,
          null,
          null,
          null,
          null,
          null,
          null,
          null
        ]
      },
      "/Users/drewproebstel/turing/2module/project_1/dropzone_data/config/initializers/cookies_serializer.rb": {
        "lines": [
          null,
          null,
          null,
          null,
          1
        ]
      },
      "/Users/drewproebstel/turing/2module/project_1/dropzone_data/config/initializers/filter_parameter_logging.rb": {
        "lines": [
          null,
          null,
          null,
          1
        ]
      },
      "/Users/drewproebstel/turing/2module/project_1/dropzone_data/config/initializers/inflections.rb": {
        "lines": [
          null,
          null,
          null,
          null,
          null,
          null,
          null,
          null,
          null,
          null,
          null,
          null,
          null,
          null,
          null,
          null
        ]
      },
      "/Users/drewproebstel/turing/2module/project_1/dropzone_data/config/initializers/mime_types.rb": {
        "lines": [
          null,
          null,
          null,
          null
        ]
      },
      "/Users/drewproebstel/turing/2module/project_1/dropzone_data/config/initializers/wrap_parameters.rb": {
        "lines": [
          null,
          null,
          null,
          null,
          null,
          null,
          1,
          2,
          null,
          null,
          null,
          null,
          null,
          null
        ]
      },
      "/Users/drewproebstel/turing/2module/project_1/dropzone_data/config/routes.rb": {
        "lines": [
          1,
          null,
          1,
          1,
          1,
          1,
          1,
          1,
          1,
          1,
          1,
          null,
          null,
          1,
          1,
          1,
          1,
          null,
          null,
          null
        ]
      },
      "/Users/drewproebstel/turing/2module/project_1/dropzone_data/app/helpers/application_helper.rb": {
        "lines": [
          1,
          null
        ]
      },
      "/Users/drewproebstel/turing/2module/project_1/dropzone_data/spec/features/dropzones/new_spec.rb": {
        "lines": [
          null,
          null,
          null,
          null,
          null,
          null,
          null,
          null,
          null,
          null,
          null,
          1,
          null,
          1,
          1,
          1,
          null,
          1,
          1,
          null,
          null,
          1,
          1,
          null,
          1,
          1,
          1,
          1,
          1,
          null,
          1,
          1,
          1,
          1,
          1,
          1,
          null,
          null,
          null
        ]
      },
      "/Users/drewproebstel/turing/2module/project_1/dropzone_data/spec/features/dropzones/show_spec.rb": {
        "lines": [
          1,
          null,
          1,
          1,
          1,
          1,
          1,
          1,
          null,
          null,
          null
        ]
      },
      "/Users/drewproebstel/turing/2module/project_1/dropzone_data/spec/features/dropzones/skydivers/index_spec.rb": {
        "lines": [
          1,
          null,
          1,
          1,
          null,
          1,
          1,
          1,
          null,
          1,
          null,
          1,
          1,
          1,
          1,
          1,
          1,
          1,
          1,
          null,
          null,
          1,
          1,
          1,
          1,
          null,
          1,
          1,
          null,
          1,
          null,
          null
        ]
      },
      "/Users/drewproebstel/turing/2module/project_1/dropzone_data/spec/features/dropzones/skydivers/new_spec.rb": {
        "lines": [
          1,
          null,
          1,
          1,
          1,
          1,
          1,
          1,
          null,
          1,
          1,
          null,
          null,
          1,
          1,
          1,
          1,
          null,
          1,
          1,
          1,
          1,
          1,
          1,
          1,
          null,
          null,
          null,
          1,
          1,
          1,
          1,
          1,
          null,
          null
        ]
      },
      "/Users/drewproebstel/turing/2module/project_1/dropzone_data/spec/features/skydivers/edit_spec.rb": {
        "lines": [
          1,
          null,
          1,
          1,
          1,
          1,
          1,
          1,
          null,
          1,
          null,
          null,
          1,
          1,
          1,
          null,
          1,
          1,
          1,
          1,
          null,
          1,
          1,
          1,
          null,
          null
        ]
      },
      "/Users/drewproebstel/turing/2module/project_1/dropzone_data/spec/features/skydivers/show_spec.rb": {
        "lines": [
          1,
          null,
          1,
          1,
          1,
          1,
          1,
          1,
          1,
          1,
          1,
          1,
          1,
          1,
          1,
          1,
          null,
          null,
          null
        ]
      },
      "/Users/drewproebstel/turing/2module/project_1/dropzone_data/spec/models/dropzone_spec.rb": {
        "lines": [
          1,
          null,
          null,
          1,
          2,
          null,
          null
        ]
      },
      "/Users/drewproebstel/turing/2module/project_1/dropzone_data/app/models/dropzone.rb": {
        "lines": [
          1,
          1,
          null
        ]
      },
      "/Users/drewproebstel/turing/2module/project_1/dropzone_data/app/models/application_record.rb": {
        "lines": [
          1,
          1,
          null
        ]
      },
      "/Users/drewproebstel/turing/2module/project_1/dropzone_data/spec/models/skydiver_spec.rb": {
        "lines": [
          1,
          null,
          1,
          2,
          null
        ]
      },
      "/Users/drewproebstel/turing/2module/project_1/dropzone_data/app/models/skydiver.rb": {
        "lines": [
          1,
          1,
          null
        ]
      },
      "/Users/drewproebstel/turing/2module/project_1/dropzone_data/app/controllers/dropzones_controller.rb": {
        "lines": [
          1,
          1,
          3,
          null,
          1,
          2,
          null,
          1,
          null,
          null,
          1,
          1,
          1,
          null,
          null,
          1,
          2,
          null,
          null,
          1,
          1,
          1,
          1,
          null,
          null,
          1,
          1,
          1,
          null,
          null
        ]
      },
      "/Users/drewproebstel/turing/2module/project_1/dropzone_data/app/controllers/application_controller.rb": {
        "lines": [
          1,
          null
        ]
      },
      "/Users/drewproebstel/turing/2module/project_1/dropzone_data/app/controllers/dropzone_skydivers_controller.rb": {
        "lines": [
          1,
          1,
          4,
          4,
          null,
          null,
          1,
          1,
          1,
          1,
          null,
          null,
          1,
          1,
          0,
          null,
          null
        ]
      },
      "/Users/drewproebstel/turing/2module/project_1/dropzone_data/app/controllers/skydivers_controller.rb": {
        "lines": [
          1,
          1,
          2,
          null,
          null,
          1,
          2,
          null,
          null,
          1,
          2,
          null,
          null,
          1,
          1,
          1,
          1,
          null,
          1,
          1,
          1,
          null,
          null
        ]
      }
    },
    "timestamp": 1648621987
  }
}
